0 info it worked if it ends with ok
1 verbose cli [ 'C:\\Program Files\\nodejs\\\\node.exe',
1 verbose cli   'C:\\Program Files\\nodejs\\node_modules\\npm\\bin\\npm-cli.js',
1 verbose cli   'publish' ]
2 info using npm@1.4.9
3 info using node@v0.11.13
4 verbose node symlink C:\Program Files\nodejs\\node.exe
5 verbose publish [ '.' ]
6 verbose cache add [ '.', null ]
7 verbose cache add name=undefined spec="." args=[".",null]
8 verbose parsed url { protocol: null,
8 verbose parsed url   slashes: null,
8 verbose parsed url   auth: null,
8 verbose parsed url   host: null,
8 verbose parsed url   port: null,
8 verbose parsed url   hostname: null,
8 verbose parsed url   hash: null,
8 verbose parsed url   search: null,
8 verbose parsed url   query: null,
8 verbose parsed url   pathname: '.',
8 verbose parsed url   path: '.',
8 verbose parsed url   href: '.' }
9 silly lockFile 3a52ce78- .
10 verbose lock . C:\Users\T-17\AppData\Roaming\npm-cache\3a52ce78-.lock
11 verbose tar pack [ 'c:\\Users\\T-17\\AppData\\Local\\Temp\\npm-7604-A5XX7mOn\\1425267038871-0.014449268346652389\\tmp.tgz',
11 verbose tar pack   '.' ]
12 verbose tarball c:\Users\T-17\AppData\Local\Temp\npm-7604-A5XX7mOn\1425267038871-0.014449268346652389\tmp.tgz
13 verbose folder .
14 info prepublish GValidate@1.0.1
15 silly lockFile 1f1177db-tar tar://.
16 verbose lock tar://. C:\Users\T-17\AppData\Roaming\npm-cache\1f1177db-tar.lock
17 silly lockFile e0aff755-871-0-014449268346652389-tmp-tgz tar://c:\Users\T-17\AppData\Local\Temp\npm-7604-A5XX7mOn\1425267038871-0.014449268346652389\tmp.tgz
18 verbose lock tar://c:\Users\T-17\AppData\Local\Temp\npm-7604-A5XX7mOn\1425267038871-0.014449268346652389\tmp.tgz C:\Users\T-17\AppData\Roaming\npm-cache\e0aff755-871-0-014449268346652389-tmp-tgz.lock
19 silly lockFile 1f1177db-tar tar://.
20 silly lockFile 1f1177db-tar tar://.
21 silly lockFile e0aff755-871-0-014449268346652389-tmp-tgz tar://c:\Users\T-17\AppData\Local\Temp\npm-7604-A5XX7mOn\1425267038871-0.014449268346652389\tmp.tgz
22 silly lockFile e0aff755-871-0-014449268346652389-tmp-tgz tar://c:\Users\T-17\AppData\Local\Temp\npm-7604-A5XX7mOn\1425267038871-0.014449268346652389\tmp.tgz
23 verbose tar unpack c:\Users\T-17\AppData\Local\Temp\npm-7604-A5XX7mOn\1425267038871-0.014449268346652389\tmp.tgz
24 silly lockFile efb7ec0f-pm-cache-GValidate-1-0-1-package tar://C:\Users\T-17\AppData\Roaming\npm-cache\GValidate\1.0.1\package
25 verbose lock tar://C:\Users\T-17\AppData\Roaming\npm-cache\GValidate\1.0.1\package C:\Users\T-17\AppData\Roaming\npm-cache\efb7ec0f-pm-cache-GValidate-1-0-1-package.lock
26 silly lockFile e0aff755-871-0-014449268346652389-tmp-tgz tar://c:\Users\T-17\AppData\Local\Temp\npm-7604-A5XX7mOn\1425267038871-0.014449268346652389\tmp.tgz
27 verbose lock tar://c:\Users\T-17\AppData\Local\Temp\npm-7604-A5XX7mOn\1425267038871-0.014449268346652389\tmp.tgz C:\Users\T-17\AppData\Roaming\npm-cache\e0aff755-871-0-014449268346652389-tmp-tgz.lock
28 silly gunzTarPerm modes [ '755', '644' ]
29 silly gunzTarPerm extractEntry package.json
30 silly gunzTarPerm modified mode [ 'package.json', 438, 420 ]
31 silly gunzTarPerm extractEntry README.md
32 silly gunzTarPerm modified mode [ 'README.md', 438, 420 ]
33 silly gunzTarPerm extractEntry index.js
34 silly gunzTarPerm modified mode [ 'index.js', 438, 420 ]
35 silly gunzTarPerm extractEntry lib/GValidate.js
36 silly gunzTarPerm modified mode [ 'lib/GValidate.js', 438, 420 ]
37 silly lockFile efb7ec0f-pm-cache-GValidate-1-0-1-package tar://C:\Users\T-17\AppData\Roaming\npm-cache\GValidate\1.0.1\package
38 silly lockFile efb7ec0f-pm-cache-GValidate-1-0-1-package tar://C:\Users\T-17\AppData\Roaming\npm-cache\GValidate\1.0.1\package
39 silly lockFile e0aff755-871-0-014449268346652389-tmp-tgz tar://c:\Users\T-17\AppData\Local\Temp\npm-7604-A5XX7mOn\1425267038871-0.014449268346652389\tmp.tgz
40 silly lockFile e0aff755-871-0-014449268346652389-tmp-tgz tar://c:\Users\T-17\AppData\Local\Temp\npm-7604-A5XX7mOn\1425267038871-0.014449268346652389\tmp.tgz
41 silly lockFile 3a52ce78- .
42 silly lockFile 3a52ce78- .
43 silly publish { name: 'GValidate',
43 silly publish   description: 'validate for Node.JS',
43 silly publish   version: '1.0.1',
43 silly publish   author: { name: 'gaohaifeng', email: 'zgaohaifeng@qq.com' },
43 silly publish   keywords: [ 'validate' ],
43 silly publish   main: 'index',
43 silly publish   license: 'MIT',
43 silly publish   readme: '# GValidate\r\nGValidate 用于过滤传给node端的参数。',
43 silly publish   readmeFilename: 'README.md',
43 silly publish   _id: 'GValidate@1.0.1',
43 silly publish   _shasum: 'aa18966a403a4449dbe9ba5d4c2069526de909b8',
43 silly publish   _from: '.' }
44 verbose url raw GValidate
45 verbose url resolving [ 'https://registry.npmjs.org/', './GValidate' ]
46 verbose url resolved https://registry.npmjs.org/GValidate
47 info trying registry request attempt 1 at 11:30:38
48 http PUT https://registry.npmjs.org/GValidate
49 http 403 https://registry.npmjs.org/GValidate
50 verbose headers { date: 'Mon, 02 Mar 2015 03:30:49 GMT',
50 verbose headers   server: 'CouchDB/1.5.0 (Erlang OTP/R16B03)',
50 verbose headers   'content-type': 'application/json',
50 verbose headers   'cache-control': 'max-age=60',
50 verbose headers   'content-length': '76',
50 verbose headers   'accept-ranges': 'bytes',
50 verbose headers   via: '1.1 varnish',
50 verbose headers   'x-served-by': 'cache-nrt6129-NRT',
50 verbose headers   'x-cache': 'MISS',
50 verbose headers   'x-cache-hits': '0',
50 verbose headers   'x-timer': 'S1425267049.615302,VS0,VE108',
50 verbose headers   connection: 'close' }
51 error publish Failed PUT 403
52 error Error: forbidden New packages must have all-lowercase names: GValidate
52 error     at RegClient.<anonymous> (C:\Program Files\nodejs\node_modules\npm\node_modules\npm-registry-client\lib\request.js:273:14)
52 error     at Request._callback (C:\Program Files\nodejs\node_modules\npm\node_modules\npm-registry-client\lib\request.js:211:65)
52 error     at Request.self.callback (C:\Program Files\nodejs\node_modules\npm\node_modules\request\request.js:123:22)
52 error     at Request.EventEmitter.emit (events.js:110:17)
52 error     at Request.<anonymous> (C:\Program Files\nodejs\node_modules\npm\node_modules\request\request.js:893:14)
52 error     at Request.EventEmitter.emit (events.js:129:20)
52 error     at IncomingMessage.<anonymous> (C:\Program Files\nodejs\node_modules\npm\node_modules\request\request.js:844:12)
52 error     at IncomingMessage.EventEmitter.emit (events.js:129:20)
52 error     at _stream_readable.js:898:16
52 error     at process._tickCallback (node.js:343:11)
53 error If you need help, you may report this *entire* log,
53 error including the npm and node versions, at:
53 error     <http://github.com/npm/npm/issues>
54 error System Windows_NT 6.1.7601
55 error command "C:\\Program Files\\nodejs\\\\node.exe" "C:\\Program Files\\nodejs\\node_modules\\npm\\bin\\npm-cli.js" "publish"
56 error cwd E:\gitRepertory\github\GValidate
57 error node -v v0.11.13
58 error npm -v 1.4.9
59 verbose exit [ 1, true ]
